2021-05-30 10:11:40,060 INFO notifyConnectTimeout:200

2021-05-30 10:11:40,062 INFO notifySocketTimeout:8000

2021-05-30 10:11:40,062 INFO isHealthCheck:true

2021-05-30 10:11:40,062 INFO maxHealthCheckFailCount:12

2021-05-30 10:11:40,062 INFO maxContent:10485760

2021-05-30 10:11:40,593 INFO Schema 'NACOS' already exists.

2021-05-30 10:11:40,644 INFO Table/View 'CONFIG_INFO' already exists in Schema 'NACOS'.

2021-05-30 10:11:40,691 INFO Table/View 'HIS_CONFIG_INFO' already exists in Schema 'NACOS'.

2021-05-30 10:11:40,713 INFO Table/View 'CONFIG_INFO_BETA' already exists in Schema 'NACOS'.

2021-05-30 10:11:40,723 INFO Table/View 'CONFIG_INFO_TAG' already exists in Schema 'NACOS'.

2021-05-30 10:11:40,731 INFO Table/View 'CONFIG_INFO_AGGR' already exists in Schema 'NACOS'.

2021-05-30 10:11:40,743 INFO Table/View 'APP_LIST' already exists in Schema 'NACOS'.

2021-05-30 10:11:40,751 INFO Table/View 'APP_CONFIGDATA_RELATION_SUBS' already exists in Schema 'NACOS'.

2021-05-30 10:11:40,757 INFO Table/View 'APP_CONFIGDATA_RELATION_PUBS' already exists in Schema 'NACOS'.

2021-05-30 10:11:40,764 INFO Table/View 'CONFIG_TAGS_RELATION' already exists in Schema 'NACOS'.

2021-05-30 10:11:40,776 INFO Table/View 'GROUP_CAPACITY' already exists in Schema 'NACOS'.

2021-05-30 10:11:40,784 INFO Table/View 'TENANT_CAPACITY' already exists in Schema 'NACOS'.

2021-05-30 10:11:40,793 INFO Table/View 'TENANT_INFO' already exists in Schema 'NACOS'.

2021-05-30 10:11:40,802 INFO Table/View 'USERS' already exists in Schema 'NACOS'.

2021-05-30 10:11:40,812 INFO Table/View 'ROLES' already exists in Schema 'NACOS'.

2021-05-30 10:11:40,876 INFO The statement was aborted because it would have caused a duplicate key value in a unique or primary key constraint or unique index identified by 'SQL210517170839850' defined on 'USERS'.

2021-05-30 10:11:41,174 INFO ServerListService address-server port:8848

2021-05-30 10:11:41,174 INFO ADDRESS_SERVER_URL:http://jmenv.tbsite.net:8080/nacos/serverlist

2021-05-30 10:11:41,176 WARN [serverlist] updated to [192.168.1.204]

2021-05-30 10:11:41,248 WARN DumpService start

2021-05-30 10:11:41,253 INFO start clear all config-info.

2021-05-30 10:11:41,256 WARN clear all config-info failed.

2021-05-30 10:11:41,256 WARN clear all config-info-tenant failed.

2021-05-30 10:11:41,322 INFO start clear all config-info-beta.

2021-05-30 10:11:41,322 WARN clear all config-info-beta failed.

2021-05-30 10:11:41,322 WARN clear all config-info-beta-tenant failed.

2021-05-30 10:11:41,337 INFO start clear all config-info-tag.

2021-05-30 10:11:41,337 WARN clear all config-info-tag failed.

2021-05-30 10:11:41,337 WARN clear all config-info-tag-tenant failed.

2021-05-30 14:58:22,383 INFO notifyConnectTimeout:200

2021-05-30 14:58:22,384 INFO notifySocketTimeout:8000

2021-05-30 14:58:22,384 INFO isHealthCheck:true

2021-05-30 14:58:22,384 INFO maxHealthCheckFailCount:12

2021-05-30 14:58:22,384 INFO maxContent:10485760

2021-05-30 14:58:22,924 INFO Schema 'NACOS' already exists.

2021-05-30 14:58:22,971 INFO Table/View 'CONFIG_INFO' already exists in Schema 'NACOS'.

2021-05-30 14:58:23,029 INFO Table/View 'HIS_CONFIG_INFO' already exists in Schema 'NACOS'.

2021-05-30 14:58:23,053 INFO Table/View 'CONFIG_INFO_BETA' already exists in Schema 'NACOS'.

2021-05-30 14:58:23,065 INFO Table/View 'CONFIG_INFO_TAG' already exists in Schema 'NACOS'.

2021-05-30 14:58:23,077 INFO Table/View 'CONFIG_INFO_AGGR' already exists in Schema 'NACOS'.

2021-05-30 14:58:23,093 INFO Table/View 'APP_LIST' already exists in Schema 'NACOS'.

2021-05-30 14:58:23,111 INFO Table/View 'APP_CONFIGDATA_RELATION_SUBS' already exists in Schema 'NACOS'.

2021-05-30 14:58:23,125 INFO Table/View 'APP_CONFIGDATA_RELATION_PUBS' already exists in Schema 'NACOS'.

2021-05-30 14:58:23,135 INFO Table/View 'CONFIG_TAGS_RELATION' already exists in Schema 'NACOS'.

2021-05-30 14:58:23,151 INFO Table/View 'GROUP_CAPACITY' already exists in Schema 'NACOS'.

2021-05-30 14:58:23,159 INFO Table/View 'TENANT_CAPACITY' already exists in Schema 'NACOS'.

2021-05-30 14:58:23,167 INFO Table/View 'TENANT_INFO' already exists in Schema 'NACOS'.

2021-05-30 14:58:23,177 INFO Table/View 'USERS' already exists in Schema 'NACOS'.

2021-05-30 14:58:23,185 INFO Table/View 'ROLES' already exists in Schema 'NACOS'.

2021-05-30 14:58:23,263 INFO The statement was aborted because it would have caused a duplicate key value in a unique or primary key constraint or unique index identified by 'SQL210517170839850' defined on 'USERS'.

2021-05-30 14:58:23,658 INFO ServerListService address-server port:8848

2021-05-30 14:58:23,658 INFO ADDRESS_SERVER_URL:http://jmenv.tbsite.net:8080/nacos/serverlist

2021-05-30 14:58:23,659 WARN [serverlist] updated to [192.168.1.204]

2021-05-30 14:58:23,761 WARN DumpService start

2021-05-30 14:58:23,763 INFO start clear all config-info.

2021-05-30 14:58:23,768 WARN clear all config-info failed.

2021-05-30 14:58:23,769 WARN clear all config-info-tenant failed.

2021-05-30 14:58:23,858 INFO start clear all config-info-beta.

2021-05-30 14:58:23,858 WARN clear all config-info-beta failed.

2021-05-30 14:58:23,859 WARN clear all config-info-beta-tenant failed.

2021-05-30 14:58:23,875 INFO start clear all config-info-tag.

2021-05-30 14:58:23,875 WARN clear all config-info-tag failed.

2021-05-30 14:58:23,875 WARN clear all config-info-tag-tenant failed.

2021-05-30 17:59:08,098 INFO notifyConnectTimeout:200

2021-05-30 17:59:08,099 INFO notifySocketTimeout:8000

2021-05-30 17:59:08,099 INFO isHealthCheck:true

2021-05-30 17:59:08,099 INFO maxHealthCheckFailCount:12

2021-05-30 17:59:08,099 INFO maxContent:10485760

2021-05-30 17:59:08,557 INFO Schema 'NACOS' already exists.

2021-05-30 17:59:08,613 INFO Table/View 'CONFIG_INFO' already exists in Schema 'NACOS'.

2021-05-30 17:59:08,664 INFO Table/View 'HIS_CONFIG_INFO' already exists in Schema 'NACOS'.

2021-05-30 17:59:08,683 INFO Table/View 'CONFIG_INFO_BETA' already exists in Schema 'NACOS'.

2021-05-30 17:59:08,692 INFO Table/View 'CONFIG_INFO_TAG' already exists in Schema 'NACOS'.

2021-05-30 17:59:08,699 INFO Table/View 'CONFIG_INFO_AGGR' already exists in Schema 'NACOS'.

2021-05-30 17:59:08,707 INFO Table/View 'APP_LIST' already exists in Schema 'NACOS'.

2021-05-30 17:59:08,715 INFO Table/View 'APP_CONFIGDATA_RELATION_SUBS' already exists in Schema 'NACOS'.

2021-05-30 17:59:08,723 INFO Table/View 'APP_CONFIGDATA_RELATION_PUBS' already exists in Schema 'NACOS'.

2021-05-30 17:59:08,729 INFO Table/View 'CONFIG_TAGS_RELATION' already exists in Schema 'NACOS'.

2021-05-30 17:59:08,740 INFO Table/View 'GROUP_CAPACITY' already exists in Schema 'NACOS'.

2021-05-30 17:59:08,747 INFO Table/View 'TENANT_CAPACITY' already exists in Schema 'NACOS'.

2021-05-30 17:59:08,753 INFO Table/View 'TENANT_INFO' already exists in Schema 'NACOS'.

2021-05-30 17:59:08,763 INFO Table/View 'USERS' already exists in Schema 'NACOS'.

2021-05-30 17:59:08,769 INFO Table/View 'ROLES' already exists in Schema 'NACOS'.

2021-05-30 17:59:08,832 INFO The statement was aborted because it would have caused a duplicate key value in a unique or primary key constraint or unique index identified by 'SQL210517170839850' defined on 'USERS'.

2021-05-30 17:59:09,123 INFO ServerListService address-server port:8848

2021-05-30 17:59:09,123 INFO ADDRESS_SERVER_URL:http://jmenv.tbsite.net:8080/nacos/serverlist

2021-05-30 17:59:09,124 WARN [serverlist] updated to [192.168.1.204]

2021-05-30 17:59:09,197 WARN DumpService start

2021-05-30 17:59:09,199 INFO start clear all config-info.

2021-05-30 17:59:09,203 WARN clear all config-info failed.

2021-05-30 17:59:09,203 WARN clear all config-info-tenant failed.

2021-05-30 17:59:09,267 INFO start clear all config-info-beta.

2021-05-30 17:59:09,267 WARN clear all config-info-beta failed.

2021-05-30 17:59:09,267 WARN clear all config-info-beta-tenant failed.

2021-05-30 17:59:09,280 INFO start clear all config-info-tag.

2021-05-30 17:59:09,281 WARN clear all config-info-tag failed.

2021-05-30 17:59:09,281 WARN clear all config-info-tag-tenant failed.

