2021-05-30 10:11:36,141 INFO Starting Nacos v1.1.4 on jiaboke with PID 1428 (C:\Users\laureneharris\Desktop\尚医通项目\yygh-parent\Utils\nacos\target\nacos-server.jar started by laureneharris in C:\Users\laureneharris\Desktop\尚医通项目\yygh-parent\Utils\nacos\bin)

2021-05-30 10:11:36,150 INFO The following profiles are active: standalone

2021-05-30 10:11:37,729 INFO Bean 'org.springframework.security.config.annotation.configuration.ObjectPostProcessorConfiguration' of type [org.springframework.security.config.annotation.configuration.ObjectPostProcessorConfiguration$$EnhancerBySpringCGLIB$$f0937660] is not eligible for getting processed by all BeanPostProcessors (for example: not eligible for auto-proxying)

2021-05-30 10:11:37,795 INFO Bean 'objectPostProcessor' of type [org.springframework.security.config.annotation.configuration.AutowireBeanFactoryObjectPostProcessor] is not eligible for getting processed by all BeanPostProcessors (for example: not eligible for auto-proxying)

2021-05-30 10:11:37,798 INFO Bean 'org.springframework.security.access.expression.method.DefaultMethodSecurityExpressionHandler@4b3c354a' of type [org.springframework.security.access.expression.method.DefaultMethodSecurityExpressionHandler] is not eligible for getting processed by all BeanPostProcessors (for example: not eligible for auto-proxying)

2021-05-30 10:11:37,801 INFO Bean 'org.springframework.security.config.annotation.method.configuration.GlobalMethodSecurityConfiguration' of type [org.springframework.security.config.annotation.method.configuration.GlobalMethodSecurityConfiguration$$EnhancerBySpringCGLIB$$15681912] is not eligible for getting processed by all BeanPostProcessors (for example: not eligible for auto-proxying)

2021-05-30 10:11:37,806 INFO Bean 'methodSecurityMetadataSource' of type [org.springframework.security.access.method.DelegatingMethodSecurityMetadataSource] is not eligible for getting processed by all BeanPostProcessors (for example: not eligible for auto-proxying)

2021-05-30 10:11:38,215 INFO Tomcat initialized with port(s): 8848 (http)

2021-05-30 10:11:38,254 INFO Starting service [Tomcat]

2021-05-30 10:11:38,254 INFO Starting Servlet Engine: Apache Tomcat/9.0.13

2021-05-30 10:11:38,281 INFO An older version [1.2.16] of the APR based Apache Tomcat Native library is installed, while Tomcat recommends a minimum version of [1.2.18]

2021-05-30 10:11:38,281 INFO Loaded APR based Apache Tomcat Native library [1.2.16] using APR version [1.6.3].

2021-05-30 10:11:38,281 INFO APR capabilities: IPv6 [true], sendfile [true], accept filters [false], random [true].

2021-05-30 10:11:38,281 INFO APR/OpenSSL configuration: useAprConnector [false], useOpenSSL [true]

2021-05-30 10:11:39,313 INFO OpenSSL successfully initialized [OpenSSL 1.0.2m  2 Nov 2017]

2021-05-30 10:11:39,374 INFO Initializing Spring embedded WebApplicationContext

2021-05-30 10:11:39,374 INFO Root WebApplicationContext: initialization completed in 3179 ms

2021-05-30 10:11:41,380 INFO Use Mysql as the driver

2021-05-30 10:11:41,674 INFO Initializing ExecutorService 'applicationTaskExecutor'

2021-05-30 10:11:41,807 INFO Adding welcome page: class path resource [static/index.html]

2021-05-30 10:11:42,058 INFO Creating filter chain: Ant [pattern='/'], []

2021-05-30 10:11:42,058 INFO Creating filter chain: Ant [pattern='/**/*.css'], []

2021-05-30 10:11:42,058 INFO Creating filter chain: Ant [pattern='/**/*.js'], []

2021-05-30 10:11:42,058 INFO Creating filter chain: Ant [pattern='/**/*.html'], []

2021-05-30 10:11:42,059 INFO Creating filter chain: Ant [pattern='/**/*.map'], []

2021-05-30 10:11:42,059 INFO Creating filter chain: Ant [pattern='/**/*.svg'], []

2021-05-30 10:11:42,059 INFO Creating filter chain: Ant [pattern='/**/*.png'], []

2021-05-30 10:11:42,059 INFO Creating filter chain: Ant [pattern='/**/*.ico'], []

2021-05-30 10:11:42,059 INFO Creating filter chain: Ant [pattern='/console-fe/public/**'], []

2021-05-30 10:11:42,059 INFO Creating filter chain: Ant [pattern='/v1/auth/login'], []

2021-05-30 10:11:42,059 INFO Creating filter chain: Ant [pattern='/v1/console/health/**'], []

2021-05-30 10:11:42,059 INFO Creating filter chain: Ant [pattern='/v1/cs/**'], []

2021-05-30 10:11:42,060 INFO Creating filter chain: Ant [pattern='/v1/ns/**'], []

2021-05-30 10:11:42,060 INFO Creating filter chain: Ant [pattern='/v1/cmdb/**'], []

2021-05-30 10:11:42,060 INFO Creating filter chain: Ant [pattern='/actuator/**'], []

2021-05-30 10:11:42,060 INFO Creating filter chain: Ant [pattern='/v1/console/server/**'], []

2021-05-30 10:11:42,087 INFO Creating filter chain: any request, [org.springframework.security.web.context.request.async.WebAsyncManagerIntegrationFilter@37637a24, org.springframework.security.web.context.SecurityContextPersistenceFilter@459b6c53, org.springframework.security.web.header.HeaderWriterFilter@5f2de715, org.springframework.security.web.authentication.logout.LogoutFilter@51b01550, com.alibaba.nacos.console.filter.JwtAuthenticationTokenFilter@31e76a8d, org.springframework.security.web.savedrequest.RequestCacheAwareFilter@490c7a83, org.springframework.security.web.servletapi.SecurityContextHolderAwareRequestFilter@4779aae6, org.springframework.security.web.authentication.AnonymousAuthenticationFilter@770beef5, org.springframework.security.web.session.SessionManagementFilter@5f95f1e1, org.springframework.security.web.access.ExceptionTranslationFilter@2440022a, org.springframework.security.web.access.intercept.FilterSecurityInterceptor@2f3166a]

2021-05-30 10:11:42,164 INFO Exposing 2 endpoint(s) beneath base path '/actuator'

2021-05-30 10:11:42,187 INFO Initializing ExecutorService 'taskScheduler'

2021-05-30 10:11:42,265 INFO Tomcat started on port(s): 8848 (http) with context path '/nacos'

2021-05-30 10:11:42,270 INFO Started Nacos in 6.896 seconds (JVM running for 7.487)

2021-05-30 10:11:42,270 INFO Nacos Log files: C:\Users\laureneharris\Desktop\尚医通项目\yygh-parent\Utils\nacos/logs/

2021-05-30 10:11:42,271 INFO Nacos Conf files: C:\Users\laureneharris\Desktop\尚医通项目\yygh-parent\Utils\nacos/conf/

2021-05-30 10:11:42,271 INFO Nacos Data files: C:\Users\laureneharris\Desktop\尚医通项目\yygh-parent\Utils\nacos/data/

2021-05-30 10:11:42,271 INFO Nacos started successfully in stand alone mode.

2021-05-30 10:11:46,258 INFO Initializing Spring DispatcherServlet 'dispatcherServlet'

2021-05-30 10:11:46,258 INFO Initializing Servlet 'dispatcherServlet'

2021-05-30 10:11:46,264 INFO Completed initialization in 6 ms

2021-05-30 10:21:41,208 INFO [capacityManagement] start correct usage

2021-05-30 10:21:41,248 INFO [capacityManagement] end correct usage, cost: 0s

2021-05-30 10:21:41,374 WARN clearConfigHistory start

2021-05-30 10:31:41,250 INFO [capacityManagement] start correct usage

2021-05-30 10:31:41,251 INFO [capacityManagement] end correct usage, cost: 0s

2021-05-30 10:31:41,385 WARN clearConfigHistory start

2021-05-30 10:41:41,253 INFO [capacityManagement] start correct usage

2021-05-30 10:41:41,253 INFO [capacityManagement] end correct usage, cost: 0s

2021-05-30 10:41:41,386 WARN clearConfigHistory start

2021-05-30 10:51:41,255 INFO [capacityManagement] start correct usage

2021-05-30 10:51:41,255 INFO [capacityManagement] end correct usage, cost: 0s

2021-05-30 10:51:41,392 WARN clearConfigHistory start

2021-05-30 10:53:28,487 INFO Shutting down ExecutorService 'taskScheduler'

2021-05-30 10:53:28,492 INFO Shutting down ExecutorService 'applicationTaskExecutor'

2021-05-30 14:58:17,109 INFO Starting Nacos v1.1.4 on jiaboke with PID 3260 (C:\Users\laureneharris\Desktop\尚医通项目\yygh-parent\Utils\nacos\target\nacos-server.jar started by laureneharris in C:\Users\laureneharris\Desktop\尚医通项目\yygh-parent\Utils\nacos\bin)

2021-05-30 14:58:17,112 INFO The following profiles are active: standalone

2021-05-30 14:58:19,501 INFO Bean 'org.springframework.security.config.annotation.configuration.ObjectPostProcessorConfiguration' of type [org.springframework.security.config.annotation.configuration.ObjectPostProcessorConfiguration$$EnhancerBySpringCGLIB$$f0937660] is not eligible for getting processed by all BeanPostProcessors (for example: not eligible for auto-proxying)

2021-05-30 14:58:19,603 INFO Bean 'objectPostProcessor' of type [org.springframework.security.config.annotation.configuration.AutowireBeanFactoryObjectPostProcessor] is not eligible for getting processed by all BeanPostProcessors (for example: not eligible for auto-proxying)

2021-05-30 14:58:19,605 INFO Bean 'org.springframework.security.access.expression.method.DefaultMethodSecurityExpressionHandler@4b3c354a' of type [org.springframework.security.access.expression.method.DefaultMethodSecurityExpressionHandler] is not eligible for getting processed by all BeanPostProcessors (for example: not eligible for auto-proxying)

2021-05-30 14:58:19,612 INFO Bean 'org.springframework.security.config.annotation.method.configuration.GlobalMethodSecurityConfiguration' of type [org.springframework.security.config.annotation.method.configuration.GlobalMethodSecurityConfiguration$$EnhancerBySpringCGLIB$$15681912] is not eligible for getting processed by all BeanPostProcessors (for example: not eligible for auto-proxying)

2021-05-30 14:58:19,618 INFO Bean 'methodSecurityMetadataSource' of type [org.springframework.security.access.method.DelegatingMethodSecurityMetadataSource] is not eligible for getting processed by all BeanPostProcessors (for example: not eligible for auto-proxying)

2021-05-30 14:58:20,264 INFO Tomcat initialized with port(s): 8848 (http)

2021-05-30 14:58:20,309 INFO Starting service [Tomcat]

2021-05-30 14:58:20,309 INFO Starting Servlet Engine: Apache Tomcat/9.0.13

2021-05-30 14:58:20,322 INFO An older version [1.2.16] of the APR based Apache Tomcat Native library is installed, while Tomcat recommends a minimum version of [1.2.18]

2021-05-30 14:58:20,322 INFO Loaded APR based Apache Tomcat Native library [1.2.16] using APR version [1.6.3].

2021-05-30 14:58:20,322 INFO APR capabilities: IPv6 [true], sendfile [true], accept filters [false], random [true].

2021-05-30 14:58:20,322 INFO APR/OpenSSL configuration: useAprConnector [false], useOpenSSL [true]

2021-05-30 14:58:21,414 INFO OpenSSL successfully initialized [OpenSSL 1.0.2m  2 Nov 2017]

2021-05-30 14:58:21,497 INFO Initializing Spring embedded WebApplicationContext

2021-05-30 14:58:21,497 INFO Root WebApplicationContext: initialization completed in 4333 ms

2021-05-30 14:58:23,923 INFO Use Mysql as the driver

2021-05-30 14:58:24,322 INFO Initializing ExecutorService 'applicationTaskExecutor'

2021-05-30 14:58:24,507 INFO Adding welcome page: class path resource [static/index.html]

2021-05-30 14:58:24,903 INFO Creating filter chain: Ant [pattern='/'], []

2021-05-30 14:58:24,903 INFO Creating filter chain: Ant [pattern='/**/*.css'], []

2021-05-30 14:58:24,904 INFO Creating filter chain: Ant [pattern='/**/*.js'], []

2021-05-30 14:58:24,904 INFO Creating filter chain: Ant [pattern='/**/*.html'], []

2021-05-30 14:58:24,905 INFO Creating filter chain: Ant [pattern='/**/*.map'], []

2021-05-30 14:58:24,905 INFO Creating filter chain: Ant [pattern='/**/*.svg'], []

2021-05-30 14:58:24,905 INFO Creating filter chain: Ant [pattern='/**/*.png'], []

2021-05-30 14:58:24,905 INFO Creating filter chain: Ant [pattern='/**/*.ico'], []

2021-05-30 14:58:24,906 INFO Creating filter chain: Ant [pattern='/console-fe/public/**'], []

2021-05-30 14:58:24,906 INFO Creating filter chain: Ant [pattern='/v1/auth/login'], []

2021-05-30 14:58:24,906 INFO Creating filter chain: Ant [pattern='/v1/console/health/**'], []

2021-05-30 14:58:24,907 INFO Creating filter chain: Ant [pattern='/v1/cs/**'], []

2021-05-30 14:58:24,908 INFO Creating filter chain: Ant [pattern='/v1/ns/**'], []

2021-05-30 14:58:24,908 INFO Creating filter chain: Ant [pattern='/v1/cmdb/**'], []

2021-05-30 14:58:24,909 INFO Creating filter chain: Ant [pattern='/actuator/**'], []

2021-05-30 14:58:24,909 INFO Creating filter chain: Ant [pattern='/v1/console/server/**'], []

2021-05-30 14:58:24,963 INFO Creating filter chain: any request, [org.springframework.security.web.context.request.async.WebAsyncManagerIntegrationFilter@596a7f44, org.springframework.security.web.context.SecurityContextPersistenceFilter@630b6190, org.springframework.security.web.header.HeaderWriterFilter@61f6d381, org.springframework.security.web.authentication.logout.LogoutFilter@5478ce1e, com.alibaba.nacos.console.filter.JwtAuthenticationTokenFilter@6dab01d9, org.springframework.security.web.savedrequest.RequestCacheAwareFilter@1cdc1bbc, org.springframework.security.web.servletapi.SecurityContextHolderAwareRequestFilter@39e69ea7, org.springframework.security.web.authentication.AnonymousAuthenticationFilter@2e09c51, org.springframework.security.web.session.SessionManagementFilter@5922d3e9, org.springframework.security.web.access.ExceptionTranslationFilter@1bb740f2, org.springframework.security.web.access.intercept.FilterSecurityInterceptor@593a6726]

2021-05-30 14:58:25,077 INFO Exposing 2 endpoint(s) beneath base path '/actuator'

2021-05-30 14:58:25,122 INFO Initializing ExecutorService 'taskScheduler'

2021-05-30 14:58:25,236 INFO Tomcat started on port(s): 8848 (http) with context path '/nacos'

2021-05-30 14:58:25,242 INFO Started Nacos in 9.099 seconds (JVM running for 9.872)

2021-05-30 14:58:25,242 INFO Nacos Log files: C:\Users\laureneharris\Desktop\尚医通项目\yygh-parent\Utils\nacos/logs/

2021-05-30 14:58:25,243 INFO Nacos Conf files: C:\Users\laureneharris\Desktop\尚医通项目\yygh-parent\Utils\nacos/conf/

2021-05-30 14:58:25,243 INFO Nacos Data files: C:\Users\laureneharris\Desktop\尚医通项目\yygh-parent\Utils\nacos/data/

2021-05-30 14:58:25,243 INFO Nacos started successfully in stand alone mode.

2021-05-30 14:58:28,773 INFO Initializing Spring DispatcherServlet 'dispatcherServlet'

2021-05-30 14:58:28,773 INFO Initializing Servlet 'dispatcherServlet'

2021-05-30 14:58:28,781 INFO Completed initialization in 8 ms

2021-05-30 15:08:23,715 INFO [capacityManagement] start correct usage

2021-05-30 15:08:23,765 INFO [capacityManagement] end correct usage, cost: 0s

2021-05-30 15:08:23,910 WARN clearConfigHistory start

2021-05-30 15:18:23,766 INFO [capacityManagement] start correct usage

2021-05-30 15:18:23,767 INFO [capacityManagement] end correct usage, cost: 0s

2021-05-30 15:18:23,922 WARN clearConfigHistory start

2021-05-30 15:28:23,770 INFO [capacityManagement] start correct usage

2021-05-30 15:28:23,771 INFO [capacityManagement] end correct usage, cost: 0s

2021-05-30 15:28:23,923 WARN clearConfigHistory start

2021-05-30 15:38:23,772 INFO [capacityManagement] start correct usage

2021-05-30 15:38:23,772 INFO [capacityManagement] end correct usage, cost: 0s

2021-05-30 15:38:23,928 WARN clearConfigHistory start

2021-05-30 15:48:23,773 INFO [capacityManagement] start correct usage

2021-05-30 15:48:23,774 INFO [capacityManagement] end correct usage, cost: 0s

2021-05-30 15:48:23,929 WARN clearConfigHistory start

2021-05-30 15:58:23,776 INFO [capacityManagement] start correct usage

2021-05-30 15:58:23,776 INFO [capacityManagement] end correct usage, cost: 0s

2021-05-30 15:58:23,933 WARN clearConfigHistory start

2021-05-30 16:08:23,778 INFO [capacityManagement] start correct usage

2021-05-30 16:08:23,778 INFO [capacityManagement] end correct usage, cost: 0s

2021-05-30 16:08:23,936 WARN clearConfigHistory start

2021-05-30 16:18:23,780 INFO [capacityManagement] start correct usage

2021-05-30 16:18:23,784 INFO [capacityManagement] end correct usage, cost: 0s

2021-05-30 16:18:23,951 WARN clearConfigHistory start

2021-05-30 16:28:23,785 INFO [capacityManagement] start correct usage

2021-05-30 16:28:23,788 INFO [capacityManagement] end correct usage, cost: 0s

2021-05-30 16:28:23,955 WARN clearConfigHistory start

2021-05-30 16:38:23,793 INFO [capacityManagement] start correct usage

2021-05-30 16:38:23,795 INFO [capacityManagement] end correct usage, cost: 0s

2021-05-30 16:38:23,956 WARN clearConfigHistory start

2021-05-30 16:48:23,796 INFO [capacityManagement] start correct usage

2021-05-30 16:48:23,796 INFO [capacityManagement] end correct usage, cost: 0s

2021-05-30 16:48:23,959 WARN clearConfigHistory start

2021-05-30 16:58:23,798 INFO [capacityManagement] start correct usage

2021-05-30 16:58:23,798 INFO [capacityManagement] end correct usage, cost: 0s

2021-05-30 16:58:23,962 WARN clearConfigHistory start

2021-05-30 17:08:23,799 INFO [capacityManagement] start correct usage

2021-05-30 17:08:23,802 INFO [capacityManagement] end correct usage, cost: 0s

2021-05-30 17:08:23,966 WARN clearConfigHistory start

2021-05-30 17:18:23,803 INFO [capacityManagement] start correct usage

2021-05-30 17:18:23,803 INFO [capacityManagement] end correct usage, cost: 0s

2021-05-30 17:18:23,973 WARN clearConfigHistory start

2021-05-30 17:28:23,804 INFO [capacityManagement] start correct usage

2021-05-30 17:28:23,804 INFO [capacityManagement] end correct usage, cost: 0s

2021-05-30 17:28:23,976 WARN clearConfigHistory start

2021-05-30 17:38:23,806 INFO [capacityManagement] start correct usage

2021-05-30 17:38:23,806 INFO [capacityManagement] end correct usage, cost: 0s

2021-05-30 17:38:23,979 WARN clearConfigHistory start

2021-05-30 17:39:29,033 INFO Shutting down ExecutorService 'taskScheduler'

2021-05-30 17:39:29,053 INFO Shutting down ExecutorService 'applicationTaskExecutor'

2021-05-30 17:59:03,737 INFO Starting Nacos v1.1.4 on jiaboke with PID 10384 (C:\Users\laureneharris\Desktop\尚医通项目\yygh-parent\Utils\nacos\target\nacos-server.jar started by laureneharris in C:\Users\laureneharris\Desktop\尚医通项目\yygh-parent\Utils\nacos\bin)

2021-05-30 17:59:03,743 INFO The following profiles are active: standalone

2021-05-30 17:59:05,746 INFO Bean 'org.springframework.security.config.annotation.configuration.ObjectPostProcessorConfiguration' of type [org.springframework.security.config.annotation.configuration.ObjectPostProcessorConfiguration$$EnhancerBySpringCGLIB$$10fdb255] is not eligible for getting processed by all BeanPostProcessors (for example: not eligible for auto-proxying)

2021-05-30 17:59:05,824 INFO Bean 'objectPostProcessor' of type [org.springframework.security.config.annotation.configuration.AutowireBeanFactoryObjectPostProcessor] is not eligible for getting processed by all BeanPostProcessors (for example: not eligible for auto-proxying)

2021-05-30 17:59:05,827 INFO Bean 'org.springframework.security.access.expression.method.DefaultMethodSecurityExpressionHandler@62435e70' of type [org.springframework.security.access.expression.method.DefaultMethodSecurityExpressionHandler] is not eligible for getting processed by all BeanPostProcessors (for example: not eligible for auto-proxying)

2021-05-30 17:59:05,830 INFO Bean 'org.springframework.security.config.annotation.method.configuration.GlobalMethodSecurityConfiguration' of type [org.springframework.security.config.annotation.method.configuration.GlobalMethodSecurityConfiguration$$EnhancerBySpringCGLIB$$35d25507] is not eligible for getting processed by all BeanPostProcessors (for example: not eligible for auto-proxying)

2021-05-30 17:59:05,835 INFO Bean 'methodSecurityMetadataSource' of type [org.springframework.security.access.method.DelegatingMethodSecurityMetadataSource] is not eligible for getting processed by all BeanPostProcessors (for example: not eligible for auto-proxying)

2021-05-30 17:59:06,302 INFO Tomcat initialized with port(s): 8848 (http)

2021-05-30 17:59:06,355 INFO Starting service [Tomcat]

2021-05-30 17:59:06,355 INFO Starting Servlet Engine: Apache Tomcat/9.0.13

2021-05-30 17:59:06,366 INFO An older version [1.2.16] of the APR based Apache Tomcat Native library is installed, while Tomcat recommends a minimum version of [1.2.18]

2021-05-30 17:59:06,367 INFO Loaded APR based Apache Tomcat Native library [1.2.16] using APR version [1.6.3].

2021-05-30 17:59:06,367 INFO APR capabilities: IPv6 [true], sendfile [true], accept filters [false], random [true].

2021-05-30 17:59:06,367 INFO APR/OpenSSL configuration: useAprConnector [false], useOpenSSL [true]

2021-05-30 17:59:07,422 INFO OpenSSL successfully initialized [OpenSSL 1.0.2m  2 Nov 2017]

2021-05-30 17:59:07,487 INFO Initializing Spring embedded WebApplicationContext

2021-05-30 17:59:07,488 INFO Root WebApplicationContext: initialization completed in 3702 ms

2021-05-30 17:59:09,314 INFO Use Mysql as the driver

2021-05-30 17:59:09,572 INFO Initializing ExecutorService 'applicationTaskExecutor'

2021-05-30 17:59:09,715 INFO Adding welcome page: class path resource [static/index.html]

2021-05-30 17:59:09,963 INFO Creating filter chain: Ant [pattern='/'], []

2021-05-30 17:59:09,964 INFO Creating filter chain: Ant [pattern='/**/*.css'], []

2021-05-30 17:59:09,964 INFO Creating filter chain: Ant [pattern='/**/*.js'], []

2021-05-30 17:59:09,964 INFO Creating filter chain: Ant [pattern='/**/*.html'], []

2021-05-30 17:59:09,964 INFO Creating filter chain: Ant [pattern='/**/*.map'], []

2021-05-30 17:59:09,964 INFO Creating filter chain: Ant [pattern='/**/*.svg'], []

2021-05-30 17:59:09,964 INFO Creating filter chain: Ant [pattern='/**/*.png'], []

2021-05-30 17:59:09,964 INFO Creating filter chain: Ant [pattern='/**/*.ico'], []

2021-05-30 17:59:09,965 INFO Creating filter chain: Ant [pattern='/console-fe/public/**'], []

2021-05-30 17:59:09,965 INFO Creating filter chain: Ant [pattern='/v1/auth/login'], []

2021-05-30 17:59:09,965 INFO Creating filter chain: Ant [pattern='/v1/console/health/**'], []

2021-05-30 17:59:09,965 INFO Creating filter chain: Ant [pattern='/v1/cs/**'], []

2021-05-30 17:59:09,965 INFO Creating filter chain: Ant [pattern='/v1/ns/**'], []

2021-05-30 17:59:09,965 INFO Creating filter chain: Ant [pattern='/v1/cmdb/**'], []

2021-05-30 17:59:09,965 INFO Creating filter chain: Ant [pattern='/actuator/**'], []

2021-05-30 17:59:09,966 INFO Creating filter chain: Ant [pattern='/v1/console/server/**'], []

2021-05-30 17:59:09,992 INFO Creating filter chain: any request, [org.springframework.security.web.context.request.async.WebAsyncManagerIntegrationFilter@5478ce1e, org.springframework.security.web.context.SecurityContextPersistenceFilter@6504a875, org.springframework.security.web.header.HeaderWriterFilter@1491344a, org.springframework.security.web.authentication.logout.LogoutFilter@5922d3e9, com.alibaba.nacos.console.filter.JwtAuthenticationTokenFilter@5edc70ed, org.springframework.security.web.savedrequest.RequestCacheAwareFilter@29fa6b65, org.springframework.security.web.servletapi.SecurityContextHolderAwareRequestFilter@1bb740f2, org.springframework.security.web.authentication.AnonymousAuthenticationFilter@4317850d, org.springframework.security.web.session.SessionManagementFilter@a22c4d8, org.springframework.security.web.access.ExceptionTranslationFilter@48904d5a, org.springframework.security.web.access.intercept.FilterSecurityInterceptor@61ab89b0]

2021-05-30 17:59:10,061 INFO Exposing 2 endpoint(s) beneath base path '/actuator'

2021-05-30 17:59:10,083 INFO Initializing ExecutorService 'taskScheduler'

2021-05-30 17:59:10,156 INFO Tomcat started on port(s): 8848 (http) with context path '/nacos'

2021-05-30 17:59:10,166 INFO Started Nacos in 7.376 seconds (JVM running for 8.054)

2021-05-30 17:59:10,166 INFO Nacos Log files: C:\Users\laureneharris\Desktop\尚医通项目\yygh-parent\Utils\nacos/logs/

2021-05-30 17:59:10,166 INFO Nacos Conf files: C:\Users\laureneharris\Desktop\尚医通项目\yygh-parent\Utils\nacos/conf/

2021-05-30 17:59:10,166 INFO Nacos Data files: C:\Users\laureneharris\Desktop\尚医通项目\yygh-parent\Utils\nacos/data/

2021-05-30 17:59:10,166 INFO Nacos started successfully in stand alone mode.

2021-05-30 17:59:14,205 INFO Initializing Spring DispatcherServlet 'dispatcherServlet'

2021-05-30 17:59:14,205 INFO Initializing Servlet 'dispatcherServlet'

2021-05-30 17:59:14,211 INFO Completed initialization in 5 ms

2021-05-30 18:09:09,160 INFO [capacityManagement] start correct usage

2021-05-30 18:09:09,215 INFO [capacityManagement] end correct usage, cost: 0s

2021-05-30 18:09:09,308 WARN clearConfigHistory start

2021-05-30 18:19:09,216 INFO [capacityManagement] start correct usage

2021-05-30 18:19:09,217 INFO [capacityManagement] end correct usage, cost: 0s

2021-05-30 18:19:09,325 WARN clearConfigHistory start

2021-05-30 18:29:09,218 INFO [capacityManagement] start correct usage

2021-05-30 18:29:09,219 INFO [capacityManagement] end correct usage, cost: 0s

2021-05-30 18:29:09,331 WARN clearConfigHistory start

2021-05-30 18:39:09,220 INFO [capacityManagement] start correct usage

2021-05-30 18:39:09,220 INFO [capacityManagement] end correct usage, cost: 0s

2021-05-30 18:39:09,332 WARN clearConfigHistory start

2021-05-30 18:49:09,222 INFO [capacityManagement] start correct usage

2021-05-30 18:49:09,223 INFO [capacityManagement] end correct usage, cost: 0s

2021-05-30 18:49:09,333 WARN clearConfigHistory start

