2021-05-30 10:12:11,386 INFO PERFORMANCE:|0|0|-1|-1

2021-05-30 10:17:11,705 INFO PERFORMANCE:|4|4|-1|-1

2021-05-30 10:22:11,707 INFO PERFORMANCE:|4|4|-1|-1

2021-05-30 10:27:11,708 INFO PERFORMANCE:|4|4|-1|-1

2021-05-30 10:32:11,710 INFO PERFORMANCE:|4|4|-1|-1

2021-05-30 10:37:11,711 INFO PERFORMANCE:|4|4|-1|-1

2021-05-30 10:42:11,713 INFO PERFORMANCE:|4|4|-1|-1

2021-05-30 10:47:11,714 INFO PERFORMANCE:|4|4|-1|-1

2021-05-30 10:52:11,715 INFO PERFORMANCE:|4|4|-1|-1

2021-05-30 14:58:53,930 INFO PERFORMANCE:|1|1|-1|-1

2021-05-30 15:03:53,931 INFO PERFORMANCE:|1|0|-1|-1

2021-05-30 15:08:53,932 INFO PERFORMANCE:|1|0|-1|-1

2021-05-30 15:13:53,934 INFO PERFORMANCE:|1|0|-1|-1

2021-05-30 15:18:53,936 INFO PERFORMANCE:|1|0|-1|-1

2021-05-30 15:23:53,937 INFO PERFORMANCE:|4|4|-1|-1

2021-05-30 15:28:53,938 INFO PERFORMANCE:|4|4|-1|-1

2021-05-30 15:33:53,939 INFO PERFORMANCE:|4|4|-1|-1

2021-05-30 15:38:53,940 INFO PERFORMANCE:|4|4|-1|-1

2021-05-30 15:43:53,940 INFO PERFORMANCE:|4|4|-1|-1

2021-05-30 15:48:53,942 INFO PERFORMANCE:|4|4|-1|-1

2021-05-30 15:53:53,943 INFO PERFORMANCE:|4|4|-1|-1

2021-05-30 15:58:53,945 INFO PERFORMANCE:|4|4|-1|-1

2021-05-30 16:03:53,946 INFO PERFORMANCE:|4|4|-1|-1

2021-05-30 16:08:53,947 INFO PERFORMANCE:|4|4|-1|-1

2021-05-30 16:13:53,948 INFO PERFORMANCE:|4|4|-1|-1

2021-05-30 16:18:53,949 INFO PERFORMANCE:|4|4|-1|-1

2021-05-30 16:23:53,950 INFO PERFORMANCE:|4|4|-1|-1

2021-05-30 16:28:53,952 INFO PERFORMANCE:|4|4|-1|-1

2021-05-30 16:33:53,953 INFO PERFORMANCE:|4|4|-1|-1

2021-05-30 16:38:53,958 INFO PERFORMANCE:|4|4|-1|-1

2021-05-30 16:43:53,960 INFO PERFORMANCE:|4|4|-1|-1

2021-05-30 16:48:53,963 INFO PERFORMANCE:|4|4|-1|-1

2021-05-30 16:53:53,964 INFO PERFORMANCE:|4|4|-1|-1

2021-05-30 16:58:53,966 INFO PERFORMANCE:|4|4|-1|-1

2021-05-30 17:03:53,967 INFO PERFORMANCE:|4|4|-1|-1

2021-05-30 17:08:53,969 INFO PERFORMANCE:|4|4|-1|-1

2021-05-30 17:13:53,970 INFO PERFORMANCE:|4|4|-1|-1

2021-05-30 17:18:53,972 INFO PERFORMANCE:|4|4|-1|-1

2021-05-30 17:23:53,973 INFO PERFORMANCE:|4|4|-1|-1

2021-05-30 17:28:53,974 INFO PERFORMANCE:|4|4|-1|-1

2021-05-30 17:33:53,974 INFO PERFORMANCE:|4|4|-1|-1

2021-05-30 17:38:53,976 INFO PERFORMANCE:|4|4|-1|-1

2021-05-30 17:59:39,318 INFO PERFORMANCE:|0|0|-1|-1

2021-05-30 18:04:39,321 INFO PERFORMANCE:|4|4|-1|-1

2021-05-30 18:09:39,322 INFO PERFORMANCE:|4|4|-1|-1

2021-05-30 18:14:39,324 INFO PERFORMANCE:|4|4|-1|-1

2021-05-30 18:19:39,325 INFO PERFORMANCE:|4|0|-1|-1

2021-05-30 18:24:39,327 INFO PERFORMANCE:|4|0|-1|-1

2021-05-30 18:29:39,328 INFO PERFORMANCE:|4|0|-1|-1

2021-05-30 18:34:39,330 INFO PERFORMANCE:|4|0|-1|-1

2021-05-30 18:39:39,332 INFO PERFORMANCE:|4|0|-1|-1

2021-05-30 18:44:39,333 INFO PERFORMANCE:|4|0|-1|-1

2021-05-30 18:49:39,333 INFO PERFORMANCE:|4|0|-1|-1

