2021-05-29 17:06:52,231 INFO DEFAULT_GROUP@@service-user is changed, add it to push queue.

2021-05-29 18:01:47,952 INFO DEFAULT_GROUP@@service-user is changed, add it to push queue.

2021-05-29 18:23:20,390 INFO DEFAULT_GROUP@@service-user is changed, add it to push queue.

2021-05-29 18:23:25,478 INFO DEFAULT_GROUP@@service-cmn is changed, add it to push queue.

2021-05-29 18:25:20,491 INFO DEFAULT_GROUP@@service-cmn is changed, add it to push queue.

2021-05-29 18:25:35,749 INFO DEFAULT_GROUP@@service-cmn is changed, add it to push queue.

2021-05-29 18:25:50,720 INFO DEFAULT_GROUP@@service-user is changed, add it to push queue.

2021-05-29 18:26:08,188 INFO DEFAULT_GROUP@@service-user is changed, add it to push queue.

2021-05-29 18:26:23,193 INFO DEFAULT_GROUP@@service-user is changed, add it to push queue.

2021-05-29 18:48:16,393 INFO DEFAULT_GROUP@@service-user is changed, add it to push queue.

2021-05-29 18:50:28,461 INFO DEFAULT_GROUP@@service-user is changed, add it to push queue.

2021-05-29 18:50:43,467 INFO DEFAULT_GROUP@@service-user is changed, add it to push queue.

2021-05-29 19:25:05,537 INFO DEFAULT_GROUP@@service-user is changed, add it to push queue.

2021-05-29 19:25:23,852 INFO DEFAULT_GROUP@@service-user is changed, add it to push queue.

2021-05-29 19:25:38,851 INFO DEFAULT_GROUP@@service-user is changed, add it to push queue.

2021-05-29 19:25:43,156 INFO DEFAULT_GROUP@@service-user is changed, add it to push queue.

2021-05-29 19:30:08,303 INFO DEFAULT_GROUP@@service-user is changed, add it to push queue.

2021-05-29 19:30:53,267 INFO DEFAULT_GROUP@@service-user is changed, add it to push queue.

2021-05-29 19:34:36,310 INFO DEFAULT_GROUP@@service-user is changed, add it to push queue.

2021-05-29 19:36:21,944 INFO DEFAULT_GROUP@@service-user is changed, add it to push queue.

2021-05-29 19:39:59,051 INFO DEFAULT_GROUP@@service-user is changed, add it to push queue.

2021-05-29 19:40:14,055 INFO DEFAULT_GROUP@@service-user is changed, add it to push queue.

2021-05-29 21:10:56,448 INFO DEFAULT_GROUP@@service-gateway is changed, add it to push queue.

2021-05-29 21:10:56,452 INFO serviceName: DEFAULT_GROUP@@service-gateway changed, schedule push for: 192.168.1.204:50370, agent: Nacos-Java-Client:v1.1.4, key: 192.168.1.204,50370,19447171567900

2021-05-29 21:10:56,452 INFO send udp packet: 192.168.1.204,50370,19447171567900

2021-05-29 21:10:56,459 INFO received ack: {"type": "push-ack", "lastRefTime":"19447171567900", "data":""} from: 192.168.1.204:, cost: 50370 ms, unacked: 7, total push: 0

2021-05-29 21:11:15,678 INFO DEFAULT_GROUP@@service-hosp is changed, add it to push queue.

2021-05-29 21:11:31,503 INFO DEFAULT_GROUP@@service-cmn is changed, add it to push queue.

2021-05-29 21:11:50,498 INFO DEFAULT_GROUP@@service-user is changed, add it to push queue.

